<?xml version="1.0" encoding="UTF-8"?>
<!-- Generated by org.testng.reporters.JUnitReportReporter -->
<testsuite hostname="MayurJain" failures="0" tests="4" name="soucedemo.TestClasses.dependsOnMethodKeyword" time="0.070" errors="0" timestamp="2023-07-01T14:06:02 GMT+05:30" skipped="0">
  <testcase classname="soucedemo.TestClasses.dependsOnMethodKeyword" name="Dtest" time="0.005"/>
  <testcase classname="soucedemo.TestClasses.dependsOnMethodKeyword" name="Ctest" time="0.012"/>
  <testcase classname="soucedemo.TestClasses.dependsOnMethodKeyword" name="Btest" time="0.045"/>
  <testcase classname="soucedemo.TestClasses.dependsOnMethodKeyword" name="Atest" time="0.008"/>
</testsuite> <!-- soucedemo.TestClasses.dependsOnMethodKeyword -->
