<?xml version="1.0" encoding="UTF-8"?>
<!-- Generated by org.testng.reporters.JUnitReportReporter -->
<testsuite hostname="MayurJain" failures="0" tests="1" name="soucedemo.TestClasses.A1_Verify_login" time="8.386" errors="0" timestamp="2023-06-25T23:12:13 GMT+05:30" skipped="0">
  <testcase classname="soucedemo.TestClasses.A1_Verify_login" name="loginfunction" time="8.386"/>
</testsuite> <!-- soucedemo.TestClasses.A1_Verify_login -->
