<?xml version="1.0" encoding="UTF-8"?>
<!-- Generated by org.testng.reporters.JUnitReportReporter -->
<testsuite hostname="MayurJain" failures="0" tests="1" name="soucedemo.TestClasses.T002_VerfiyBagProductAddtoCartFunctionality" time="21.408" errors="0" timestamp="2023-06-28T21:39:24 GMT+05:30" skipped="0">
  <testcase classname="soucedemo.TestClasses.T002_VerfiyBagProductAddtoCartFunctionality" name="main" time="21.408"/>
</testsuite> <!-- soucedemo.TestClasses.T002_VerfiyBagProductAddtoCartFunctionality -->
