<?xml version="1.0" encoding="UTF-8"?>
<!-- Generated by org.testng.reporters.JUnitReportReporter -->
<testsuite hostname="MayurJain" failures="0" tests="2" name="soucedemo.TestClasses.Assertion" time="0.040" errors="0" timestamp="2023-07-01T00:06:52 GMT+05:30" skipped="0">
  <testcase classname="soucedemo.TestClasses.Assertion" name="pravin" time="0.029"/>
  <testcase classname="soucedemo.TestClasses.Assertion" name="raut" time="0.011"/>
</testsuite> <!-- soucedemo.TestClasses.Assertion -->
