<?xml version="1.0" encoding="UTF-8"?>
<!-- Generated by org.testng.reporters.JUnitReportReporter -->
<testsuite hostname="MayurJain" failures="0" tests="3" name="testNG_Practice.Practice_01" time="0.080" errors="0" timestamp="2023-06-27T22:35:20 GMT+05:30" skipped="0">
  <testcase classname="testNG_Practice.Practice_01" name="test1" time="0.036"/>
  <testcase classname="testNG_Practice.Practice_01" name="test3" time="0.008"/>
  <testcase classname="testNG_Practice.Practice_01" name="test2" time="0.036"/>
</testsuite> <!-- testNG_Practice.Practice_01 -->
