<?xml version="1.0" encoding="UTF-8"?>
<!-- Generated by org.testng.reporters.JUnitReportReporter -->
<testsuite hostname="MayurJain" failures="0" tests="1" name="soucedemo.TestClasses.T001_VerifyLoginFunctionality" time="18.961" errors="0" timestamp="2023-06-30T22:41:45 GMT+05:30" skipped="0">
  <testcase classname="soucedemo.TestClasses.T001_VerifyLoginFunctionality" name="loginfunction" time="18.961"/>
</testsuite> <!-- soucedemo.TestClasses.T001_VerifyLoginFunctionality -->
